midterm_app/build/app/outputs/mapping/release/seeds.txt
com.example.midterm_app.MainActivity
com.example.midterm_app.MainActivity: MainActivity()
...
io.flutter.embedding.engine.FlutterJNI: void nativeSetAccessibilityFeatures(long,int)
io.flutter.embedding.engine.FlutterJNI: float refreshRateFPS
io.flutter.plugin.editing.ImeSyncDeferringInsetsCallback: android.view.WindowInsets lastWindowInsets
androidx.lifecycle.Lifecycle$Event: androidx.lifecycle.Lifecycle$Event ON_RESUME
io.flutter.embedding.android.FlutterSplashView$SavedState: android.os.Bundle access$702(io.flutter.embedding.android.FlutterSplashView$SavedState,android.os.Bundle)
io.flutter.embedding.android.FlutterSplashView$SavedState: FlutterSplashView$SavedState(android.os.Parcel)
androidx.lifecycle.Lifecycle$State: androidx.lifecycle.Lifecycle$State valueOf(java.lang.String)
io.flutter.embedding.engine.systemchannels.PlatformChannel$ClipboardContentFormat: io.flutter.embedding.engine.systemchannels.PlatformChannel$ClipboardContentFormat valueOf(java.lang.String)
androidx.lifecycle.CompositeGeneratedAdaptersObserver
io.flutter.embedding.engine.FlutterJNI: io.flutter.plugin.localization.LocalizationPlugin localizationPlugin
io.flutter.embedding.engine.FlutterJNI: void setDeferredComponentManager(io.flutter.embedding.engine.deferredcomponents.DeferredComponentManager)
io.flutter.view.AccessibilityViewEmbedder: android.view.accessibility.AccessibilityNodeInfo createAccessibilityNodeInfo(int)
io.flutter.embedding.android.FlutterView: android.view.accessibility.AccessibilityNodeProvider getAccessibilityNodeProvider()
io.flutter.embedding.engine.FlutterJNI: long nativeAttach(io.flutter.embedding.engine.FlutterJNI,boolean)
io.flutter.view.AccessibilityViewEmbedder: void cacheVirtualIdMappings(android.view.View,int,int)
androidx.lifecycle.Lifecycle$State: androidx.lifecycle.Lifecycle$State[] values()
io.flutter.embedding.engine.FlutterJNI: void updateJavaAssetManager(android.content.res.AssetManager,java.lang.String)
io.flutter.embedding.engine.FlutterJNI: void nativeInvokePlatformMessageEmptyResponseCallback(long,int)
androidx.activity.OnBackPressedDispatcher$LifecycleOnBackPressedCancellable
io.flutter.embedding.engine.FlutterJNI: io.flutter.embedding.engine.FlutterJNI$AccessibilityDelegate accessibilityDelegate
androidx.fragment.app.Fragment$2
io.flutter.embedding.engine.systemchannels.PlatformChannel$SystemUiOverlay: io.flutter.embedding.engine.systemchannels.PlatformChannel$SystemUiOverlay[] values()
io.flutter.embedding.engine.FlutterJNI: void nativeRegisterTexture(long,long,io.flutter.embedding.engine.renderer.SurfaceTextureWrapper)
io.flutter.embedding.engine.FlutterOverlaySurface: android.view.Surface getSurface()
io.flutter.embedding.engine.FlutterJNI: java.util.Set flutterUiDisplayListeners
io.flutter.embedding.engine.systemchannels.PlatformChannel$SoundType: io.flutter.embedding.engine.systemchannels.PlatformChannel$SoundType valueOf(java.lang.String)
androidx.core.graphics.drawable.IconCompatParcelizer: IconCompatParcelizer()
io.flutter.embedding.android.FlutterActivityLaunchConfigs$BackgroundMode: io.flutter.embedding.android.FlutterActivityLaunchConfigs$BackgroundMode valueOf(java.lang.String)
io.flutter.embedding.engine.FlutterJNI: void updateSemantics(java.nio.ByteBuffer,java.lang.String[])
io.flutter.view.AccessibilityViewEmbedder: void addChildrenToFlutterNode(android.view.accessibility.AccessibilityNodeInfo,android.view.View,android.view.accessibility.AccessibilityNodeInfo)
io.flutter.embedding.engine.systemchannels.PlatformChannel$SoundType: io.flutter.embedding.engine.systemchannels.PlatformChannel$SoundType[] values()
io.flutter.embedding.engine.FlutterJNI: void nativeUpdateJavaAssetManager(long,android.content.res.AssetManager,java.lang.String)
io.flutter.plugin.editing.ImeSyncDeferringInsetsCallback: android.view.View access$600(io.flutter.plugin.editing.ImeSyncDeferringInsetsCallback)
io.flutter.embedding.engine.FlutterJNI: void nativeSurfaceChanged(long,int,int)