midterm_app/build/app/outputs/mapping/release/usage.txt
com.example.midterm_app.R$integer
com.example.midterm_app.R$attr
com.example.midterm_app.R$dimen
com.example.midterm_app.R$styleable
com.example.midterm_app.R$mipmap
com.example.midterm_app.R
com.example.midterm_app.R$layout
com.example.midterm_app.BuildConfig
com.example.midterm_app.R$color
com.example.midterm_app.R$id
com.example.midterm_app.R$style
com.example.midterm_app.R$drawable
com.example.midterm_app.R$string
...
kotlin.coroutines.jvm.internal.RunSuspend
kotlin.jvm.internal.Ref$LongRef
androidx.collection.LongSparseArray
androidx.core.graphics.drawable.WrappedDrawableState
kotlin.KotlinNullPointerException
androidx.core.view.NestedScrollingChild2
kotlin.collections.MovingSubList
io.flutter.embedding.engine.plugins.shim.ShimRegistrar
androidx.annotation.InterpolatorRes
androidx.core.app.RemoteInput
androidx.core.view.ActionProvider$SubUiVisibilityListener
androidx.core.app.NotificationCompatBuilder
androidx.collection.LruCache
kotlin.collections.DoubleIterator
kotlin.reflect.KMutableProperty2
androidx.annotation.RestrictTo
androidx.customview.R$attr
androidx.lifecycle.FullLifecycleObserverAdapter:
    void <init>(androidx.lifecycle.FullLifecycleObserver,androidx.lifecycle.LifecycleEventObserver)
kotlin.jvm.Strictfp
androidx.core.content.ContentResolverCompat
androidx.lifecycle.viewmodel.R
kotlin.time.DurationKt
kotlin.text.UStringsKt
kotlin.jvm.internal.DefaultConstructorMarker
androidx.lifecycle.ReportFragment
io.flutter.plugin.common.EventChannel$IncomingStreamRequestHandler
kotlin.collections.ArraysKt___ArraysKt$asSequence$$inlined$Sequence$2
kotlin.jvm.internal.FloatSpreadBuilder
kotlin.coroutines.experimental.CoroutineContext$Key
androidx.loader.content.Loader$ForceLoadContentObserver
kotlin.jvm.internal.PackageReference
android.support.v4.os.IResultReceiver$Stub$Proxy
kotlin.TypeAliasesKt
kotlin.LazyKt__LazyJVMKt
kotlin.reflect.KProperty$Accessor
kotlin.coroutines.experimental.intrinsics.IntrinsicsKt
kotlin.random.XorWowRandom
kotlin.collections.ArraysKt___ArraysKt$groupingBy$1
kotlin.reflect.KMutableProperty0$Setter
kotlin.jvm.internal.InlineMarker
androidx.activity.R$drawable
io.flutter.plugin.common.EventChannel
kotlin.comparisons.ComparisonsKt__ComparisonsKt$thenComparator$1
kotlin.coroutines.AbstractCoroutineContextElement
androidx.core.content.res.FontResourcesParserCompat$FontFileResourceEntry
androidx.core.internal.view.SupportSubMenu
androidx.core.view.NestedScrollingParent3
io.flutter.embedding.engine.dart.DartExecutor$DartCallback
kotlin.jvm.internal.markers.KMutableListIterator
androidx.core.provider.SelfDestructiveThread$1
kotlin.coroutines.experimental.migration.CoroutinesMigrationKt
androidx.core.graphics.PathParser$PathDataNode
androidx.core.view.ViewCompat$OnUnhandledKeyEventListenerCompat
kotlin.ParameterName
io.flutter.embedding.engine.FlutterEngineCache:
    public boolean contains(java.lang.String)
    public void clear()
kotlin.collections.CollectionsKt__IteratorsJVMKt$iterator$1
kotlin.contracts.ContractBuilder$DefaultImpls
androidx.core.view.ViewParentCompat
androidx.activity.R$styleable
kotlin.collections.MapWithDefault
androidx.customview.R
kotlin.jvm.functions.Function4
androidx.core.app.NotificationCompat$Action$SemanticAction
androidx.core.widget.PopupWindowCompat
androidx.fragment.app.FragmentTransitionImpl$1
androidx.annotation.RawRes
io.flutter.app.FlutterActivityDelegate
kotlin.ranges.CharRange$Companion
androidx.core.content.pm.PermissionInfoCompat
androidx.fragment.R$dimen
kotlin.io.SerializableKt
androidx.annotation.VisibleForTesting
androidx.core.view.ViewCompat$ScrollIndicators
io.flutter.embedding.android.SplashScreenProvider
kotlin.Unit
androidx.core.view.NestedScrollingParentHelper
kotlin.jvm.internal.ByteSpreadBuilder
androidx.core.util.Consumer
androidx.lifecycle.Lifecycling
androidx.core.view.accessibility.AccessibilityWindowInfoCompat
androidx.core.location.LocationManagerCompat
kotlin.text.Typography
androidx.core.view.inputmethod.InputContentInfoCompat
io.flutter.embedding.android.FlutterActivity$CachedEngineIntentBuilder
androidx.core.app.NotificationCompat$BigPictureStyle
kotlin.ULongArray
androidx.core.content.pm.ShortcutInfoCompatSaver$NoopImpl
kotlin.contracts.ConditionalEffect
androidx.core.provider.FontsContractCompat$4$6
androidx.activity.R$color
io.flutter.plugin.common.FlutterException:
    private static final java.lang.String TAG